<?xml version="1.0" encoding="UTF-8"?>
<!-- Generated by org.testng.reporters.JUnitReportReporter -->
<testsuite hostname="CP-PC" name="com.Tapzo.CustomerSupport.objMapper" tests="12" failures="0" timestamp="14 Feb 2017 11:05:23 GMT" time="40.456" errors="0">
  <testcase name="Test1" time="7.554" classname="com.Tapzo.CustomerSupport.objMapper"/>
  <testcase name="Test1" time="0.226" classname="com.Tapzo.CustomerSupport.objMapper"/>
  <testcase name="Test1" time="0.188" classname="com.Tapzo.CustomerSupport.objMapper"/>
  <testcase name="Test1" time="7.422" classname="com.Tapzo.CustomerSupport.objMapper"/>
  <testcase name="Test1" time="7.932" classname="com.Tapzo.CustomerSupport.objMapper"/>
  <testcase name="Test1" time="0.172" classname="com.Tapzo.CustomerSupport.objMapper"/>
  <testcase name="Test1" time="7.269" classname="com.Tapzo.CustomerSupport.objMapper"/>
  <testcase name="Test1" time="7.910" classname="com.Tapzo.CustomerSupport.objMapper"/>
  <testcase name="Test1" time="0.542" classname="com.Tapzo.CustomerSupport.objMapper"/>
  <testcase name="Test1" time="0.208" classname="com.Tapzo.CustomerSupport.objMapper"/>
  <testcase name="Test1" time="0.836" classname="com.Tapzo.CustomerSupport.objMapper"/>
  <testcase name="Test1" time="0.197" classname="com.Tapzo.CustomerSupport.objMapper"/>
</testsuite> <!-- com.Tapzo.CustomerSupport.objMapper -->
